Arguments: 
  C:\Program Files\nodejs\node.exe C:\Program Files (x86)\Yarn\bin\yarn.js add react-color

PATH: 
  C:\Program Files (x86)\Common Files\Oracle\Java\java8path;C:\Program Files (x86)\Common Files\Oracle\Java\javapath;C:\WINDOWS\system32;C:\WINDOWS;C:\WINDOWS\System32\Wbem;C:\WINDOWS\System32\WindowsPowerShell\v1.0\;C:\WINDOWS\System32\OpenSSH\;C:\Program Files\Microsoft VS Code\bin;C:\Program Files\nodejs\;C:\Program Files\Git\cmd;C:\Program Files\dotnet\;C:\Program Files (x86)\Yarn\bin\;C:\Users\dell\AppData\Local\Programs\Python\Launcher\;C:\Users\dell\AppData\Local\Microsoft\WindowsApps;C:\Users\dell\AppData\Roaming\npm;C:\Users\dell\AppData\Local\spicetify;C:\Users\dell\AppData\Local\Yarn\bin;C:\Users\dell\AppData\Local\GitHubDesktop\bin

Yarn version: 
  1.22.19

Node version: 
  20.12.0

Platform: 
  win32 x64

Trace: 
  Error: EPERM: operation not permitted, copyfile 'C:\Users\dell\AppData\Local\Yarn\Cache\v6\npm-react-icons-5.2.1-28c2040917b2a2eda639b0f797bff1888e018e4a-integrity\node_modules\react-icons\gi\index.mjs' -> 'E:\PulseZest\School-project\pulsezest-web\node_modules\react-icons\gi\index.mjs'

npm manifest: 
  {
    "name": "PulseZest",
    "homepage": "https://project.pulsezest.com/PulseZest_school",
    "version": "1.0.5",
    "private": true,
    "dependencies": {
      "@ant-design/icons": "^4.8.3",
      "@babel/plugin-proposal-private-property-in-object": "^7.21.11",
      "@emotion/react": "^11.11.4",
      "@emotion/styled": "^11.11.0",
      "@fortawesome/fontawesome-svg-core": "^6.5.1",
      "@fortawesome/free-solid-svg-icons": "^6.5.1",
      "@fortawesome/react-fontawesome": "^0.2.0",
      "@mui/icons-material": "^5.15.11",
      "@mui/material": "^5.15.11",
      "@mui/x-charts": "^7.3.1",
      "@mui/x-data-grid": "^6.19.11",
      "@testing-library/jest-dom": "^5.17.0",
      "@testing-library/react": "^13.4.0",
      "@testing-library/user-event": "^13.5.0",
      "antd": "^5.16.2",
      "firebase": "^10.9.0",
      "framer-motion": "^11.0.14",
      "lottie-web": "^5.12.2",
      "react": "^18.2.0",
      "react-circular-progressbar": "^2.1.0",
      "react-color": "^2.19.3",
      "react-datepicker": "^6.3.0",
      "react-dom": "^18.2.0",
      "react-icons": "^5.0.1",
      "react-minimal-pie-chart": "^8.4.0",
      "react-native-webview": "^13.8.7",
      "react-qr-code": "^2.0.12",
      "react-router-dom": "^6.22.1",
      "react-scripts": "5.0.1",
      "react-toastify": "^10.0.4",
      "recharts": "^2.12.1",
      "web-vitals": "^2.1.4",
      "yarn": "^1.22.22"
    },
    "scripts": {
      "start": "react-scripts start",
      "build": "react-scripts build",
      "test": "react-scripts test",
      "eject": "react-scripts eject"
    },
    "eslintConfig": {
      "extends": [
        "react-app",
        "react-app/jest"
      ]
    },
    "browserslist": {
      "production": [
        ">0.2%",
        "not dead",
        "not op_mini all"
      ],
      "development": [
        "last 1 chrome version",
        "last 1 firefox version",
        "last 1 safari version"
      ]
    },
    "devDependencies": {
      "css-loader": "^6.10.0",
      "sass": "^1.72.0",
      "webpack": "^5.90.3"
    },
    "description": "working on the school application",
    "main": "index.js",
    "repository": "https://github.com/PulseZest-Inovation/pulsezest-web.git",
    "author": "Techchauhan <rishabkumarchauhan@gmail.com>",
    "license": "MIT"
  }

yarn manifest: 
  No manifest

Lockfile: 
  No lockfile
